git add . 
- Tüm değişiklikler eklendi. 
git commit -m "Release Build 155 surumu yayinlandi." 
[main 6442fe8] Release Build 155 surumu yayinlandi.
 2 files changed, 2 insertions(+), 1 deletion(-)
 create mode 100644 release.log
- Değişiklikler commit edildi. 
git pull origin main 
From https://github.com/NimeCloud/GateControlFirmware
 * branch            main       -> FETCH_HEAD
Already up to date.
- Sunucudan en güncel hali çekildi. 
git push origin main 
To https://github.com/NimeCloud/GateControlFirmware.git
   8ce5d30..6442fe8  main -> main
- Değişiklikler başarıyla GitHub'a gönderildi. 
On branch main
Your branch is up to date with 'origin/main'.

Changes not staged for commit:
  (use "git add <file>..." to update what will be committed)
  (use "git restore <file>..." to discard changes in working directory)
	modified:   release.log

no changes added to commit (use "git add" and/or "git commit -a")
commit 6442fe888e11bb715ea9b3b1bdb95a14f6fe59c1
Author: Emin Akbulut <eminakbulut@hotmail.com>
Date:   Wed Jul 16 11:07:50 2025 +0300

    Release Build 155 surumu yayinlandi.
[✓] İşlem tamamlandı 
--------------------------------------------- 
[Bitiş: Çar 16.07.2025 11:07:53,05] 
git add . 
